CRITICAL - 2022-07-08 20:55:31 --> Undefined variable $aa
#0 C:\xampp\htdocs\uas_kas\ci4\app\Views\antrianno\index.php(29): CodeIgniter\Debug\Exceptions->errorHandler(2, 'Undefined varia...', 'C:\\xampp\\htdocs...', 29)
#1 C:\xampp\htdocs\uas_kas\ci4\system\View\View.php(210): include('C:\\xampp\\htdocs...')
#2 C:\xampp\htdocs\uas_kas\ci4\system\View\View.php(213): CodeIgniter\View\View->CodeIgniter\View\{closure}()
#3 C:\xampp\htdocs\uas_kas\ci4\system\Common.php(1089): CodeIgniter\View\View->render('antrianno/index', Array, true)
#4 C:\xampp\htdocs\uas_kas\ci4\app\Controllers\Antrianno.php(28): view('antrianno/index', Array)
#5 C:\xampp\htdocs\uas_kas\ci4\system\CodeIgniter.php(832): App\Controllers\Antrianno->index()
#6 C:\xampp\htdocs\uas_kas\ci4\system\CodeIgniter.php(419): CodeIgniter\CodeIgniter->runController(Object(App\Controllers\Antrianno))
#7 C:\xampp\htdocs\uas_kas\ci4\system\CodeIgniter.php(326): CodeIgniter\CodeIgniter->handleRequest(NULL, Object(Config\Cache), false)
#8 C:\xampp\htdocs\uas_kas\ci4\public\index.php(37): CodeIgniter\CodeIgniter->run()
#9 C:\xampp\htdocs\uas_kas\ci4\system\Commands\Server\rewrite.php(43): require_once('C:\\xampp\\htdocs...')
#10 {main}
CRITICAL - 2022-07-08 20:56:18 --> Undefined variable $aa
#0 C:\xampp\htdocs\uas_kas\ci4\app\Views\antrianno\index.php(29): CodeIgniter\Debug\Exceptions->errorHandler(2, 'Undefined varia...', 'C:\\xampp\\htdocs...', 29)
#1 C:\xampp\htdocs\uas_kas\ci4\system\View\View.php(210): include('C:\\xampp\\htdocs...')
#2 C:\xampp\htdocs\uas_kas\ci4\system\View\View.php(213): CodeIgniter\View\View->CodeIgniter\View\{closure}()
#3 C:\xampp\htdocs\uas_kas\ci4\system\Common.php(1089): CodeIgniter\View\View->render('antrianno/index', Array, true)
#4 C:\xampp\htdocs\uas_kas\ci4\app\Controllers\Antrianno.php(28): view('antrianno/index', Array)
#5 C:\xampp\htdocs\uas_kas\ci4\system\CodeIgniter.php(832): App\Controllers\Antrianno->index()
#6 C:\xampp\htdocs\uas_kas\ci4\system\CodeIgniter.php(419): CodeIgniter\CodeIgniter->runController(Object(App\Controllers\Antrianno))
#7 C:\xampp\htdocs\uas_kas\ci4\system\CodeIgniter.php(326): CodeIgniter\CodeIgniter->handleRequest(NULL, Object(Config\Cache), false)
#8 C:\xampp\htdocs\uas_kas\ci4\public\index.php(37): CodeIgniter\CodeIgniter->run()
#9 C:\xampp\htdocs\uas_kas\ci4\system\Commands\Server\rewrite.php(43): require_once('C:\\xampp\\htdocs...')
#10 {main}
CRITICAL - 2022-07-08 21:44:57 --> Undefined variable $aa
#0 C:\xampp\htdocs\uas_kas\ci4\app\Views\antrianno\index.php(29): CodeIgniter\Debug\Exceptions->errorHandler(2, 'Undefined varia...', 'C:\\xampp\\htdocs...', 29)
#1 C:\xampp\htdocs\uas_kas\ci4\system\View\View.php(210): include('C:\\xampp\\htdocs...')
#2 C:\xampp\htdocs\uas_kas\ci4\system\View\View.php(213): CodeIgniter\View\View->CodeIgniter\View\{closure}()
#3 C:\xampp\htdocs\uas_kas\ci4\system\Common.php(1089): CodeIgniter\View\View->render('antrianno/index', Array, true)
#4 C:\xampp\htdocs\uas_kas\ci4\app\Controllers\Antrianno.php(28): view('antrianno/index', Array)
#5 C:\xampp\htdocs\uas_kas\ci4\system\CodeIgniter.php(832): App\Controllers\Antrianno->index()
#6 C:\xampp\htdocs\uas_kas\ci4\system\CodeIgniter.php(419): CodeIgniter\CodeIgniter->runController(Object(App\Controllers\Antrianno))
#7 C:\xampp\htdocs\uas_kas\ci4\system\CodeIgniter.php(326): CodeIgniter\CodeIgniter->handleRequest(NULL, Object(Config\Cache), false)
#8 C:\xampp\htdocs\uas_kas\ci4\public\index.php(37): CodeIgniter\CodeIgniter->run()
#9 C:\xampp\htdocs\uas_kas\ci4\system\Commands\Server\rewrite.php(43): require_once('C:\\xampp\\htdocs...')
#10 {main}
