CRITICAL - 2022-07-07 09:33:22 --> Class "App\Models\PelayananModel" not found
#0 C:\xampp\htdocs\uas_kas\ci4\system\CodeIgniter.php(809): App\Controllers\Pelayanan->__construct()
#1 C:\xampp\htdocs\uas_kas\ci4\system\CodeIgniter.php(410): CodeIgniter\CodeIgniter->createController()
#2 C:\xampp\htdocs\uas_kas\ci4\system\CodeIgniter.php(326): CodeIgniter\CodeIgniter->handleRequest(NULL, Object(Config\Cache), false)
#3 C:\xampp\htdocs\uas_kas\ci4\public\index.php(37): CodeIgniter\CodeIgniter->run()
#4 C:\xampp\htdocs\uas_kas\ci4\system\Commands\Server\rewrite.php(43): require_once('C:\\xampp\\htdocs...')
#5 {main}
CRITICAL - 2022-07-07 09:33:31 --> Class "App\Models\PelayananModel" not found
#0 C:\xampp\htdocs\uas_kas\ci4\system\CodeIgniter.php(809): App\Controllers\Pelayanan->__construct()
#1 C:\xampp\htdocs\uas_kas\ci4\system\CodeIgniter.php(410): CodeIgniter\CodeIgniter->createController()
#2 C:\xampp\htdocs\uas_kas\ci4\system\CodeIgniter.php(326): CodeIgniter\CodeIgniter->handleRequest(NULL, Object(Config\Cache), false)
#3 C:\xampp\htdocs\uas_kas\ci4\public\index.php(37): CodeIgniter\CodeIgniter->run()
#4 C:\xampp\htdocs\uas_kas\ci4\system\Commands\Server\rewrite.php(43): require_once('C:\\xampp\\htdocs...')
#5 {main}
CRITICAL - 2022-07-07 09:33:36 --> Class "App\Models\ModelsUpload" not found
#0 C:\xampp\htdocs\uas_kas\ci4\system\CodeIgniter.php(832): App\Controllers\Upload->index()
#1 C:\xampp\htdocs\uas_kas\ci4\system\CodeIgniter.php(419): CodeIgniter\CodeIgniter->runController(Object(App\Controllers\Upload))
#2 C:\xampp\htdocs\uas_kas\ci4\system\CodeIgniter.php(326): CodeIgniter\CodeIgniter->handleRequest(NULL, Object(Config\Cache), false)
#3 C:\xampp\htdocs\uas_kas\ci4\public\index.php(37): CodeIgniter\CodeIgniter->run()
#4 C:\xampp\htdocs\uas_kas\ci4\system\Commands\Server\rewrite.php(43): require_once('C:\\xampp\\htdocs...')
#5 {main}
CRITICAL - 2022-07-07 09:33:38 --> Class "App\Models\AntrianModel" not found
#0 C:\xampp\htdocs\uas_kas\ci4\system\CodeIgniter.php(809): App\Controllers\Antrian->__construct()
#1 C:\xampp\htdocs\uas_kas\ci4\system\CodeIgniter.php(410): CodeIgniter\CodeIgniter->createController()
#2 C:\xampp\htdocs\uas_kas\ci4\system\CodeIgniter.php(326): CodeIgniter\CodeIgniter->handleRequest(NULL, Object(Config\Cache), false)
#3 C:\xampp\htdocs\uas_kas\ci4\public\index.php(37): CodeIgniter\CodeIgniter->run()
#4 C:\xampp\htdocs\uas_kas\ci4\system\Commands\Server\rewrite.php(43): require_once('C:\\xampp\\htdocs...')
#5 {main}
CRITICAL - 2022-07-07 09:33:40 --> Class "App\Models\AntrianModel" not found
#0 C:\xampp\htdocs\uas_kas\ci4\system\CodeIgniter.php(809): App\Controllers\Antrianno->__construct()
#1 C:\xampp\htdocs\uas_kas\ci4\system\CodeIgniter.php(410): CodeIgniter\CodeIgniter->createController()
#2 C:\xampp\htdocs\uas_kas\ci4\system\CodeIgniter.php(326): CodeIgniter\CodeIgniter->handleRequest(NULL, Object(Config\Cache), false)
#3 C:\xampp\htdocs\uas_kas\ci4\public\index.php(37): CodeIgniter\CodeIgniter->run()
#4 C:\xampp\htdocs\uas_kas\ci4\system\Commands\Server\rewrite.php(43): require_once('C:\\xampp\\htdocs...')
#5 {main}
CRITICAL - 2022-07-07 09:33:46 --> Class "App\Models\PelayananModel" not found
#0 C:\xampp\htdocs\uas_kas\ci4\system\CodeIgniter.php(809): App\Controllers\Pelayanan->__construct()
#1 C:\xampp\htdocs\uas_kas\ci4\system\CodeIgniter.php(410): CodeIgniter\CodeIgniter->createController()
#2 C:\xampp\htdocs\uas_kas\ci4\system\CodeIgniter.php(326): CodeIgniter\CodeIgniter->handleRequest(NULL, Object(Config\Cache), false)
#3 C:\xampp\htdocs\uas_kas\ci4\public\index.php(37): CodeIgniter\CodeIgniter->run()
#4 C:\xampp\htdocs\uas_kas\ci4\system\Commands\Server\rewrite.php(43): require_once('C:\\xampp\\htdocs...')
#5 {main}
CRITICAL - 2022-07-07 09:33:50 --> Class "App\Models\PelayananModel" not found
#0 C:\xampp\htdocs\uas_kas\ci4\system\CodeIgniter.php(809): App\Controllers\Pelayanan->__construct()
#1 C:\xampp\htdocs\uas_kas\ci4\system\CodeIgniter.php(410): CodeIgniter\CodeIgniter->createController()
#2 C:\xampp\htdocs\uas_kas\ci4\system\CodeIgniter.php(326): CodeIgniter\CodeIgniter->handleRequest(NULL, Object(Config\Cache), false)
#3 C:\xampp\htdocs\uas_kas\ci4\public\index.php(37): CodeIgniter\CodeIgniter->run()
#4 C:\xampp\htdocs\uas_kas\ci4\system\Commands\Server\rewrite.php(43): require_once('C:\\xampp\\htdocs...')
#5 {main}
CRITICAL - 2022-07-07 09:36:04 --> Undefined variable $aa
#0 C:\xampp\htdocs\uas_kas\ci4\app\Views\antrianno\index.php(29): CodeIgniter\Debug\Exceptions->errorHandler(2, 'Undefined varia...', 'C:\\xampp\\htdocs...', 29)
#1 C:\xampp\htdocs\uas_kas\ci4\system\View\View.php(210): include('C:\\xampp\\htdocs...')
#2 C:\xampp\htdocs\uas_kas\ci4\system\View\View.php(213): CodeIgniter\View\View->CodeIgniter\View\{closure}()
#3 C:\xampp\htdocs\uas_kas\ci4\system\Common.php(1089): CodeIgniter\View\View->render('antrianno/index', Array, true)
#4 C:\xampp\htdocs\uas_kas\ci4\app\Controllers\Antrianno.php(28): view('antrianno/index', Array)
#5 C:\xampp\htdocs\uas_kas\ci4\system\CodeIgniter.php(832): App\Controllers\Antrianno->index()
#6 C:\xampp\htdocs\uas_kas\ci4\system\CodeIgniter.php(419): CodeIgniter\CodeIgniter->runController(Object(App\Controllers\Antrianno))
#7 C:\xampp\htdocs\uas_kas\ci4\system\CodeIgniter.php(326): CodeIgniter\CodeIgniter->handleRequest(NULL, Object(Config\Cache), false)
#8 C:\xampp\htdocs\uas_kas\ci4\public\index.php(37): CodeIgniter\CodeIgniter->run()
#9 C:\xampp\htdocs\uas_kas\ci4\system\Commands\Server\rewrite.php(43): require_once('C:\\xampp\\htdocs...')
#10 {main}
CRITICAL - 2022-07-07 09:42:10 --> Undefined variable $aa
#0 C:\xampp\htdocs\uas_kas\ci4\app\Views\antrianno\index.php(29): CodeIgniter\Debug\Exceptions->errorHandler(2, 'Undefined varia...', 'C:\\xampp\\htdocs...', 29)
#1 C:\xampp\htdocs\uas_kas\ci4\system\View\View.php(210): include('C:\\xampp\\htdocs...')
#2 C:\xampp\htdocs\uas_kas\ci4\system\View\View.php(213): CodeIgniter\View\View->CodeIgniter\View\{closure}()
#3 C:\xampp\htdocs\uas_kas\ci4\system\Common.php(1089): CodeIgniter\View\View->render('antrianno/index', Array, true)
#4 C:\xampp\htdocs\uas_kas\ci4\app\Controllers\Antrianno.php(28): view('antrianno/index', Array)
#5 C:\xampp\htdocs\uas_kas\ci4\system\CodeIgniter.php(832): App\Controllers\Antrianno->index()
#6 C:\xampp\htdocs\uas_kas\ci4\system\CodeIgniter.php(419): CodeIgniter\CodeIgniter->runController(Object(App\Controllers\Antrianno))
#7 C:\xampp\htdocs\uas_kas\ci4\system\CodeIgniter.php(326): CodeIgniter\CodeIgniter->handleRequest(NULL, Object(Config\Cache), false)
#8 C:\xampp\htdocs\uas_kas\ci4\public\index.php(37): CodeIgniter\CodeIgniter->run()
#9 C:\xampp\htdocs\uas_kas\ci4\system\Commands\Server\rewrite.php(43): require_once('C:\\xampp\\htdocs...')
#10 {main}
CRITICAL - 2022-07-07 09:44:19 --> Undefined variable $aa
#0 C:\xampp\htdocs\uas_kas\ci4\app\Views\antrianno\index.php(29): CodeIgniter\Debug\Exceptions->errorHandler(2, 'Undefined varia...', 'C:\\xampp\\htdocs...', 29)
#1 C:\xampp\htdocs\uas_kas\ci4\system\View\View.php(210): include('C:\\xampp\\htdocs...')
#2 C:\xampp\htdocs\uas_kas\ci4\system\View\View.php(213): CodeIgniter\View\View->CodeIgniter\View\{closure}()
#3 C:\xampp\htdocs\uas_kas\ci4\system\Common.php(1089): CodeIgniter\View\View->render('antrianno/index', Array, true)
#4 C:\xampp\htdocs\uas_kas\ci4\app\Controllers\Antrianno.php(28): view('antrianno/index', Array)
#5 C:\xampp\htdocs\uas_kas\ci4\system\CodeIgniter.php(832): App\Controllers\Antrianno->index()
#6 C:\xampp\htdocs\uas_kas\ci4\system\CodeIgniter.php(419): CodeIgniter\CodeIgniter->runController(Object(App\Controllers\Antrianno))
#7 C:\xampp\htdocs\uas_kas\ci4\system\CodeIgniter.php(326): CodeIgniter\CodeIgniter->handleRequest(NULL, Object(Config\Cache), false)
#8 C:\xampp\htdocs\uas_kas\ci4\public\index.php(37): CodeIgniter\CodeIgniter->run()
#9 C:\xampp\htdocs\uas_kas\ci4\system\Commands\Server\rewrite.php(43): require_once('C:\\xampp\\htdocs...')
#10 {main}
CRITICAL - 2022-07-07 09:53:23 --> Constant FILTER_SANITIZE_STRING is deprecated
#0 C:\xampp\htdocs\uas_kas\ci4\system\Router\RouteCollection.php(1368): CodeIgniter\Debug\Exceptions->errorHandler(8192, 'Constant FILTER...', 'C:\\xampp\\htdocs...', 1368)
#1 C:\xampp\htdocs\uas_kas\ci4\system\Router\RouteCollection.php(628): CodeIgniter\Router\RouteCollection->create('*', 'BaseController(...', Object(Closure), NULL)
#2 C:\xampp\htdocs\uas_kas\ci4\system\Config\Routes.php(27): CodeIgniter\Router\RouteCollection->add('BaseController(...', Object(Closure))
#3 C:\xampp\htdocs\uas_kas\ci4\app\Config\Routes.php(12): require('C:\\xampp\\htdocs...')
#4 C:\xampp\htdocs\uas_kas\ci4\system\CodeIgniter.php(796): require('C:\\xampp\\htdocs...')
#5 C:\xampp\htdocs\uas_kas\ci4\system\CodeIgniter.php(389): CodeIgniter\CodeIgniter->tryToRouteIt(Object(CodeIgniter\Router\RouteCollection))
#6 C:\xampp\htdocs\uas_kas\ci4\system\CodeIgniter.php(336): CodeIgniter\CodeIgniter->handleRequest(NULL, Object(Config\Cache), false)
#7 C:\xampp\htdocs\uas_kas\ci4\public\index.php(37): CodeIgniter\CodeIgniter->run()
#8 C:\xampp\htdocs\uas_kas\ci4\system\Commands\Server\rewrite.php(45): require_once('C:\\xampp\\htdocs...')
#9 {main}
CRITICAL - 2022-07-07 09:53:23 --> Uncaught ErrorException: Cannot modify header information - headers already sent by (output started at C:\xampp\htdocs\uas_kas\ci4\app\Config\Events.php:35) in C:\xampp\htdocs\uas_kas\ci4\system\Debug\Exceptions.php:137
Stack trace:
#0 [internal function]: CodeIgniter\Debug\Exceptions->errorHandler(2, 'Cannot modify h...', 'C:\\xampp\\htdocs...', 137)
#1 C:\xampp\htdocs\uas_kas\ci4\system\Debug\Exceptions.php(137): header('HTTP/1.1 500 In...', true, 500)
#2 [internal function]: CodeIgniter\Debug\Exceptions->exceptionHandler(Object(ErrorException))
#3 {main}
  thrown
#0 [internal function]: CodeIgniter\Debug\Exceptions->shutdownHandler()
#1 {main}
CRITICAL - 2022-07-07 09:53:27 --> Constant FILTER_SANITIZE_STRING is deprecated
#0 C:\xampp\htdocs\uas_kas\ci4\system\Router\RouteCollection.php(1368): CodeIgniter\Debug\Exceptions->errorHandler(8192, 'Constant FILTER...', 'C:\\xampp\\htdocs...', 1368)
#1 C:\xampp\htdocs\uas_kas\ci4\system\Router\RouteCollection.php(628): CodeIgniter\Router\RouteCollection->create('*', 'BaseController(...', Object(Closure), NULL)
#2 C:\xampp\htdocs\uas_kas\ci4\system\Config\Routes.php(27): CodeIgniter\Router\RouteCollection->add('BaseController(...', Object(Closure))
#3 C:\xampp\htdocs\uas_kas\ci4\app\Config\Routes.php(12): require('C:\\xampp\\htdocs...')
#4 C:\xampp\htdocs\uas_kas\ci4\system\CodeIgniter.php(796): require('C:\\xampp\\htdocs...')
#5 C:\xampp\htdocs\uas_kas\ci4\system\CodeIgniter.php(389): CodeIgniter\CodeIgniter->tryToRouteIt(Object(CodeIgniter\Router\RouteCollection))
#6 C:\xampp\htdocs\uas_kas\ci4\system\CodeIgniter.php(336): CodeIgniter\CodeIgniter->handleRequest(NULL, Object(Config\Cache), false)
#7 C:\xampp\htdocs\uas_kas\ci4\public\index.php(37): CodeIgniter\CodeIgniter->run()
#8 C:\xampp\htdocs\uas_kas\ci4\system\Commands\Server\rewrite.php(45): require_once('C:\\xampp\\htdocs...')
#9 {main}
CRITICAL - 2022-07-07 09:53:27 --> Uncaught ErrorException: Cannot modify header information - headers already sent by (output started at C:\xampp\htdocs\uas_kas\ci4\app\Config\Events.php:35) in C:\xampp\htdocs\uas_kas\ci4\system\Debug\Exceptions.php:137
Stack trace:
#0 [internal function]: CodeIgniter\Debug\Exceptions->errorHandler(2, 'Cannot modify h...', 'C:\\xampp\\htdocs...', 137)
#1 C:\xampp\htdocs\uas_kas\ci4\system\Debug\Exceptions.php(137): header('HTTP/1.1 500 In...', true, 500)
#2 [internal function]: CodeIgniter\Debug\Exceptions->exceptionHandler(Object(ErrorException))
#3 {main}
  thrown
#0 [internal function]: CodeIgniter\Debug\Exceptions->shutdownHandler()
#1 {main}
CRITICAL - 2022-07-07 09:58:41 --> Undefined variable $aa
#0 C:\xampp\htdocs\uas_kas\ci4\app\Views\antrianno\index.php(29): CodeIgniter\Debug\Exceptions->errorHandler(2, 'Undefined varia...', 'C:\\xampp\\htdocs...', 29)
#1 C:\xampp\htdocs\uas_kas\ci4\system\View\View.php(210): include('C:\\xampp\\htdocs...')
#2 C:\xampp\htdocs\uas_kas\ci4\system\View\View.php(213): CodeIgniter\View\View->CodeIgniter\View\{closure}()
#3 C:\xampp\htdocs\uas_kas\ci4\system\Common.php(1089): CodeIgniter\View\View->render('antrianno/index', Array, true)
#4 C:\xampp\htdocs\uas_kas\ci4\app\Controllers\Antrianno.php(28): view('antrianno/index', Array)
#5 C:\xampp\htdocs\uas_kas\ci4\system\CodeIgniter.php(832): App\Controllers\Antrianno->index()
#6 C:\xampp\htdocs\uas_kas\ci4\system\CodeIgniter.php(419): CodeIgniter\CodeIgniter->runController(Object(App\Controllers\Antrianno))
#7 C:\xampp\htdocs\uas_kas\ci4\system\CodeIgniter.php(326): CodeIgniter\CodeIgniter->handleRequest(NULL, Object(Config\Cache), false)
#8 C:\xampp\htdocs\uas_kas\ci4\public\index.php(37): CodeIgniter\CodeIgniter->run()
#9 C:\xampp\htdocs\uas_kas\ci4\system\Commands\Server\rewrite.php(43): require_once('C:\\xampp\\htdocs...')
#10 {main}
