ERROR - 2022-07-09 02:16:14 --> Error connecting to the database: Unknown database 'ci4'
CRITICAL - 2022-07-09 02:16:14 --> Unable to connect to the database.
Main connection [MySQLi]: Unknown database 'ci4'
#0 C:\xampp\htdocs\uaskas\ci4\system\Database\BaseConnection.php(577): CodeIgniter\Database\BaseConnection->initialize()
#1 C:\xampp\htdocs\uaskas\ci4\system\Database\BaseBuilder.php(1455): CodeIgniter\Database\BaseConnection->query('SELECT *\nFROM `...', Array, false)
#2 C:\xampp\htdocs\uaskas\ci4\system\Model.php(728): CodeIgniter\Database\BaseBuilder->get()
#3 C:\xampp\htdocs\uaskas\ci4\app\Models\PelayananModel.php(13): CodeIgniter\Model->__call('get', Array)
#4 C:\xampp\htdocs\uaskas\ci4\app\Controllers\Pelayanan.php(24): App\Models\PelayananModel->getPelayanan()
#5 C:\xampp\htdocs\uaskas\ci4\system\CodeIgniter.php(832): App\Controllers\Pelayanan->index()
#6 C:\xampp\htdocs\uaskas\ci4\system\CodeIgniter.php(419): CodeIgniter\CodeIgniter->runController(Object(App\Controllers\Pelayanan))
#7 C:\xampp\htdocs\uaskas\ci4\system\CodeIgniter.php(326): CodeIgniter\CodeIgniter->handleRequest(NULL, Object(Config\Cache), false)
#8 C:\xampp\htdocs\uaskas\ci4\public\index.php(37): CodeIgniter\CodeIgniter->run()
#9 C:\xampp\htdocs\uaskas\ci4\system\Commands\Server\rewrite.php(43): require_once('C:\\xampp\\htdocs...')
#10 {main}
ERROR - 2022-07-09 02:16:23 --> Error connecting to the database: Unknown database 'ci4'
CRITICAL - 2022-07-09 02:16:23 --> Unable to connect to the database.
Main connection [MySQLi]: Unknown database 'ci4'
#0 C:\xampp\htdocs\uaskas\ci4\system\Database\BaseConnection.php(577): CodeIgniter\Database\BaseConnection->initialize()
#1 C:\xampp\htdocs\uaskas\ci4\system\Database\BaseBuilder.php(1455): CodeIgniter\Database\BaseConnection->query('SELECT *\nFROM `...', Array, false)
#2 C:\xampp\htdocs\uaskas\ci4\system\Model.php(183): CodeIgniter\Database\BaseBuilder->get()
#3 C:\xampp\htdocs\uaskas\ci4\system\BaseModel.php(584): CodeIgniter\Model->doFindAll(0, 0)
#4 C:\xampp\htdocs\uaskas\ci4\app\Models\ModelsUpload.php(13): CodeIgniter\BaseModel->findAll()
#5 C:\xampp\htdocs\uaskas\ci4\app\Controllers\Upload.php(16): App\Models\ModelsUpload->getGambar()
#6 C:\xampp\htdocs\uaskas\ci4\system\CodeIgniter.php(832): App\Controllers\Upload->index()
#7 C:\xampp\htdocs\uaskas\ci4\system\CodeIgniter.php(419): CodeIgniter\CodeIgniter->runController(Object(App\Controllers\Upload))
#8 C:\xampp\htdocs\uaskas\ci4\system\CodeIgniter.php(326): CodeIgniter\CodeIgniter->handleRequest(NULL, Object(Config\Cache), false)
#9 C:\xampp\htdocs\uaskas\ci4\public\index.php(37): CodeIgniter\CodeIgniter->run()
#10 C:\xampp\htdocs\uaskas\ci4\system\Commands\Server\rewrite.php(43): require_once('C:\\xampp\\htdocs...')
#11 {main}
ERROR - 2022-07-09 02:16:41 --> Error connecting to the database: Unknown database 'ci4'
CRITICAL - 2022-07-09 02:16:41 --> Unable to connect to the database.
Main connection [MySQLi]: Unknown database 'ci4'
#0 C:\xampp\htdocs\uaskas\ci4\system\Database\BaseConnection.php(577): CodeIgniter\Database\BaseConnection->initialize()
#1 C:\xampp\htdocs\uaskas\ci4\system\Database\BaseBuilder.php(1455): CodeIgniter\Database\BaseConnection->query('SELECT *\nFROM `...', Array, false)
#2 C:\xampp\htdocs\uaskas\ci4\system\Model.php(728): CodeIgniter\Database\BaseBuilder->get()
#3 C:\xampp\htdocs\uaskas\ci4\app\Models\PelayananModel.php(13): CodeIgniter\Model->__call('get', Array)
#4 C:\xampp\htdocs\uaskas\ci4\app\Controllers\Pelayanan.php(24): App\Models\PelayananModel->getPelayanan()
#5 C:\xampp\htdocs\uaskas\ci4\system\CodeIgniter.php(832): App\Controllers\Pelayanan->index()
#6 C:\xampp\htdocs\uaskas\ci4\system\CodeIgniter.php(419): CodeIgniter\CodeIgniter->runController(Object(App\Controllers\Pelayanan))
#7 C:\xampp\htdocs\uaskas\ci4\system\CodeIgniter.php(326): CodeIgniter\CodeIgniter->handleRequest(NULL, Object(Config\Cache), false)
#8 C:\xampp\htdocs\uaskas\ci4\public\index.php(37): CodeIgniter\CodeIgniter->run()
#9 C:\xampp\htdocs\uaskas\ci4\system\Commands\Server\rewrite.php(43): require_once('C:\\xampp\\htdocs...')
#10 {main}
CRITICAL - 2022-07-09 02:20:03 --> Undefined array key "alamat"
#0 C:\xampp\htdocs\uaskas\ci4\app\Views\pelayanan\edit.php(33): CodeIgniter\Debug\Exceptions->errorHandler(2, 'Undefined array...', 'C:\\xampp\\htdocs...', 33)
#1 C:\xampp\htdocs\uaskas\ci4\system\View\View.php(210): include('C:\\xampp\\htdocs...')
#2 C:\xampp\htdocs\uaskas\ci4\system\View\View.php(213): CodeIgniter\View\View->CodeIgniter\View\{closure}()
#3 C:\xampp\htdocs\uaskas\ci4\system\Common.php(1089): CodeIgniter\View\View->render('pelayanan/edit', Array, true)
#4 C:\xampp\htdocs\uaskas\ci4\app\Controllers\Pelayanan.php(32): view('pelayanan/edit', Array)
#5 C:\xampp\htdocs\uaskas\ci4\system\CodeIgniter.php(832): App\Controllers\Pelayanan->edit('27')
#6 C:\xampp\htdocs\uaskas\ci4\system\CodeIgniter.php(419): CodeIgniter\CodeIgniter->runController(Object(App\Controllers\Pelayanan))
#7 C:\xampp\htdocs\uaskas\ci4\system\CodeIgniter.php(326): CodeIgniter\CodeIgniter->handleRequest(NULL, Object(Config\Cache), false)
#8 C:\xampp\htdocs\uaskas\ci4\public\index.php(37): CodeIgniter\CodeIgniter->run()
#9 C:\xampp\htdocs\uaskas\ci4\system\Commands\Server\rewrite.php(43): require_once('C:\\xampp\\htdocs...')
#10 {main}
CRITICAL - 2022-07-09 02:38:41 --> Undefined variable $aa
#0 C:\xampp\htdocs\uaskas\ci4\app\Views\antrianno\index.php(29): CodeIgniter\Debug\Exceptions->errorHandler(2, 'Undefined varia...', 'C:\\xampp\\htdocs...', 29)
#1 C:\xampp\htdocs\uaskas\ci4\system\View\View.php(210): include('C:\\xampp\\htdocs...')
#2 C:\xampp\htdocs\uaskas\ci4\system\View\View.php(213): CodeIgniter\View\View->CodeIgniter\View\{closure}()
#3 C:\xampp\htdocs\uaskas\ci4\system\Common.php(1089): CodeIgniter\View\View->render('antrianno/index', Array, true)
#4 C:\xampp\htdocs\uaskas\ci4\app\Controllers\Antrianno.php(28): view('antrianno/index', Array)
#5 C:\xampp\htdocs\uaskas\ci4\system\CodeIgniter.php(832): App\Controllers\Antrianno->index()
#6 C:\xampp\htdocs\uaskas\ci4\system\CodeIgniter.php(419): CodeIgniter\CodeIgniter->runController(Object(App\Controllers\Antrianno))
#7 C:\xampp\htdocs\uaskas\ci4\system\CodeIgniter.php(326): CodeIgniter\CodeIgniter->handleRequest(NULL, Object(Config\Cache), false)
#8 C:\xampp\htdocs\uaskas\ci4\public\index.php(37): CodeIgniter\CodeIgniter->run()
#9 C:\xampp\htdocs\uaskas\ci4\system\Commands\Server\rewrite.php(43): require_once('C:\\xampp\\htdocs...')
#10 {main}
CRITICAL - 2022-07-09 02:39:05 --> Undefined variable $aa
#0 C:\xampp\htdocs\uaskas\ci4\app\Views\antrianno\index.php(29): CodeIgniter\Debug\Exceptions->errorHandler(2, 'Undefined varia...', 'C:\\xampp\\htdocs...', 29)
#1 C:\xampp\htdocs\uaskas\ci4\system\View\View.php(210): include('C:\\xampp\\htdocs...')
#2 C:\xampp\htdocs\uaskas\ci4\system\View\View.php(213): CodeIgniter\View\View->CodeIgniter\View\{closure}()
#3 C:\xampp\htdocs\uaskas\ci4\system\Common.php(1089): CodeIgniter\View\View->render('antrianno/index', Array, true)
#4 C:\xampp\htdocs\uaskas\ci4\app\Controllers\Antrianno.php(28): view('antrianno/index', Array)
#5 C:\xampp\htdocs\uaskas\ci4\system\CodeIgniter.php(832): App\Controllers\Antrianno->index()
#6 C:\xampp\htdocs\uaskas\ci4\system\CodeIgniter.php(419): CodeIgniter\CodeIgniter->runController(Object(App\Controllers\Antrianno))
#7 C:\xampp\htdocs\uaskas\ci4\system\CodeIgniter.php(326): CodeIgniter\CodeIgniter->handleRequest(NULL, Object(Config\Cache), false)
#8 C:\xampp\htdocs\uaskas\ci4\public\index.php(37): CodeIgniter\CodeIgniter->run()
#9 C:\xampp\htdocs\uaskas\ci4\system\Commands\Server\rewrite.php(43): require_once('C:\\xampp\\htdocs...')
#10 {main}
CRITICAL - 2022-07-09 02:39:05 --> Undefined variable $aa
#0 C:\xampp\htdocs\uaskas\ci4\app\Views\antrianno\index.php(29): CodeIgniter\Debug\Exceptions->errorHandler(2, 'Undefined varia...', 'C:\\xampp\\htdocs...', 29)
#1 C:\xampp\htdocs\uaskas\ci4\system\View\View.php(210): include('C:\\xampp\\htdocs...')
#2 C:\xampp\htdocs\uaskas\ci4\system\View\View.php(213): CodeIgniter\View\View->CodeIgniter\View\{closure}()
#3 C:\xampp\htdocs\uaskas\ci4\system\Common.php(1089): CodeIgniter\View\View->render('antrianno/index', Array, true)
#4 C:\xampp\htdocs\uaskas\ci4\app\Controllers\Antrianno.php(28): view('antrianno/index', Array)
#5 C:\xampp\htdocs\uaskas\ci4\system\CodeIgniter.php(832): App\Controllers\Antrianno->index()
#6 C:\xampp\htdocs\uaskas\ci4\system\CodeIgniter.php(419): CodeIgniter\CodeIgniter->runController(Object(App\Controllers\Antrianno))
#7 C:\xampp\htdocs\uaskas\ci4\system\CodeIgniter.php(326): CodeIgniter\CodeIgniter->handleRequest(NULL, Object(Config\Cache), false)
#8 C:\xampp\htdocs\uaskas\ci4\public\index.php(37): CodeIgniter\CodeIgniter->run()
#9 C:\xampp\htdocs\uaskas\ci4\system\Commands\Server\rewrite.php(43): require_once('C:\\xampp\\htdocs...')
#10 {main}
CRITICAL - 2022-07-09 02:39:31 --> Undefined variable $aa
#0 C:\xampp\htdocs\uaskas\ci4\app\Views\antrianno\index.php(29): CodeIgniter\Debug\Exceptions->errorHandler(2, 'Undefined varia...', 'C:\\xampp\\htdocs...', 29)
#1 C:\xampp\htdocs\uaskas\ci4\system\View\View.php(210): include('C:\\xampp\\htdocs...')
#2 C:\xampp\htdocs\uaskas\ci4\system\View\View.php(213): CodeIgniter\View\View->CodeIgniter\View\{closure}()
#3 C:\xampp\htdocs\uaskas\ci4\system\Common.php(1089): CodeIgniter\View\View->render('antrianno/index', Array, true)
#4 C:\xampp\htdocs\uaskas\ci4\app\Controllers\Antrianno.php(28): view('antrianno/index', Array)
#5 C:\xampp\htdocs\uaskas\ci4\system\CodeIgniter.php(832): App\Controllers\Antrianno->index()
#6 C:\xampp\htdocs\uaskas\ci4\system\CodeIgniter.php(419): CodeIgniter\CodeIgniter->runController(Object(App\Controllers\Antrianno))
#7 C:\xampp\htdocs\uaskas\ci4\system\CodeIgniter.php(326): CodeIgniter\CodeIgniter->handleRequest(NULL, Object(Config\Cache), false)
#8 C:\xampp\htdocs\uaskas\ci4\public\index.php(37): CodeIgniter\CodeIgniter->run()
#9 C:\xampp\htdocs\uaskas\ci4\system\Commands\Server\rewrite.php(43): require_once('C:\\xampp\\htdocs...')
#10 {main}
